<?xml version="1.0" encoding="UTF-8"?>
<!-- Generated by org.testng.reporters.JUnitReportReporter -->
<testsuite hostname="DESKTOP-QBAU7DK" name="com.qa.TestA" tests="2" failures="0" timestamp="20 Nov 2019 06:03:36 GMT" time="0.017" errors="0">
  <testcase name="sum2" time="0.000" classname="com.qa.TestA"/>
  <testcase name="sum1" time="0.017" classname="com.qa.TestA"/>
</testsuite> <!-- com.qa.TestA -->
