<?xml version="1.0" encoding="UTF-8"?>
<!-- Generated by org.testng.reporters.JUnitReportReporter -->
<testsuite hostname="DESKTOP-QBAU7DK" name="com.qa.TestB" tests="2" failures="0" timestamp="20 Nov 2019 06:02:59 GMT" time="0.003" errors="0">
  <testcase name="sum4" time="0.001" classname="com.qa.TestB"/>
  <testcase name="sum3" time="0.002" classname="com.qa.TestB"/>
</testsuite> <!-- com.qa.TestB -->
